[ 2015-08-06T13:18:28+08:00 ] 127.0.0.1 /BoxService/Public/Styles/bg-map_boxtop_btn_selected.png
INFO: [ app_init ] --START--
INFO: Run Behavior\BuildLiteBehavior [ RunTime:0.000000s ]
INFO: [ app_init ] --END-- [ RunTime:0.000000s ]
ERR: 无法加载模块:Public

[ 2015-08-06T13:18:28+08:00 ] 127.0.0.1 /BoxService/Public/Styles/bg_showpage_box.png
INFO: [ app_init ] --START--
INFO: Run Behavior\BuildLiteBehavior [ RunTime:0.000000s ]
INFO: [ app_init ] --END-- [ RunTime:0.000000s ]
ERR: 无法加载模块:Public

[ 2015-08-06T13:18:28+08:00 ] 127.0.0.1 /BoxService/Public/Styles/bg-map_boxtop_btn_normal.png
INFO: [ app_init ] --START--
INFO: Run Behavior\BuildLiteBehavior [ RunTime:0.000000s ]
INFO: [ app_init ] --END-- [ RunTime:0.000000s ]
ERR: 无法加载模块:Public

[ 2015-08-06T13:18:28+08:00 ] 127.0.0.1 /BoxService/Public/Styles/btn_paint_set.png
INFO: [ app_init ] --START--
INFO: Run Behavior\BuildLiteBehavior [ RunTime:0.001000s ]
INFO: [ app_init ] --END-- [ RunTime:0.001000s ]
ERR: 无法加载模块:Public

[ 2015-08-06T13:18:30+08:00 ] 127.0.0.1 /BoxService/Public/Styles/bg-map_boxtop_btn_normal.png
INFO: [ app_init ] --START--
INFO: Run Behavior\BuildLiteBehavior [ RunTime:0.000000s ]
INFO: [ app_init ] --END-- [ RunTime:0.000000s ]
ERR: 无法加载模块:Public

[ 2015-08-06T13:18:30+08:00 ] 127.0.0.1 /BoxService/Public/Styles/bg_showpage_box.png
INFO: [ app_init ] --START--
INFO: Run Behavior\BuildLiteBehavior [ RunTime:0.000000s ]
INFO: [ app_init ] --END-- [ RunTime:0.001000s ]
ERR: 无法加载模块:Public

[ 2015-08-06T13:18:30+08:00 ] 127.0.0.1 /BoxService/Public/Styles/bg-map_boxtop_btn_selected.png
INFO: [ app_init ] --START--
INFO: Run Behavior\BuildLiteBehavior [ RunTime:0.000000s ]
INFO: [ app_init ] --END-- [ RunTime:0.000000s ]
ERR: 无法加载模块:Public

[ 2015-08-06T13:18:31+08:00 ] 127.0.0.1 /BoxService/Public/Styles/bg-map_boxtop_btn_normal.png
INFO: [ app_init ] --START--
INFO: Run Behavior\BuildLiteBehavior [ RunTime:0.000000s ]
INFO: [ app_init ] --END-- [ RunTime:0.000000s ]
ERR: 无法加载模块:Public

[ 2015-08-06T13:18:31+08:00 ] 127.0.0.1 /BoxService/Public/Styles/bg_showpage_box.png
INFO: [ app_init ] --START--
INFO: Run Behavior\BuildLiteBehavior [ RunTime:0.000000s ]
INFO: [ app_init ] --END-- [ RunTime:0.001000s ]
ERR: 无法加载模块:Public

[ 2015-08-06T13:18:31+08:00 ] 127.0.0.1 /BoxService/Public/Styles/bg-map_boxtop_btn_selected.png
INFO: [ app_init ] --START--
INFO: Run Behavior\BuildLiteBehavior [ RunTime:0.000000s ]
INFO: [ app_init ] --END-- [ RunTime:0.000000s ]
ERR: 无法加载模块:Public

[ 2015-08-06T13:18:31+08:00 ] 127.0.0.1 /BoxService/Public/Styles/btn_paint_set.png
INFO: [ app_init ] --START--
INFO: Run Behavior\BuildLiteBehavior [ RunTime:0.000000s ]
INFO: [ app_init ] --END-- [ RunTime:0.000000s ]
ERR: 无法加载模块:Public

[ 2015-08-06T13:18:32+08:00 ] 127.0.0.1 /BoxService/Public/Styles/bg_showpage_box.png
INFO: [ app_init ] --START--
INFO: Run Behavior\BuildLiteBehavior [ RunTime:0.000000s ]
INFO: [ app_init ] --END-- [ RunTime:0.000000s ]
ERR: 无法加载模块:Public

[ 2015-08-06T13:18:32+08:00 ] 127.0.0.1 /BoxService/Public/Styles/btn_paint_set.png
INFO: [ app_init ] --START--
INFO: Run Behavior\BuildLiteBehavior [ RunTime:0.000000s ]
INFO: [ app_init ] --END-- [ RunTime:0.000000s ]
ERR: 无法加载模块:Public

[ 2015-08-06T13:18:32+08:00 ] 127.0.0.1 /BoxService/Public/Styles/bg-map_boxtop_btn_selected.png
INFO: [ app_init ] --START--
INFO: Run Behavior\BuildLiteBehavior [ RunTime:0.000000s ]
INFO: [ app_init ] --END-- [ RunTime:0.000000s ]
ERR: 无法加载模块:Public

[ 2015-08-06T13:18:32+08:00 ] 127.0.0.1 /BoxService/Public/Styles/bg-map_boxtop_btn_normal.png
INFO: [ app_init ] --START--
INFO: Run Behavior\BuildLiteBehavior [ RunTime:0.000000s ]
INFO: [ app_init ] --END-- [ RunTime:0.001000s ]
ERR: 无法加载模块:Public

[ 2015-08-06T13:18:44+08:00 ] 127.0.0.1 /BoxService/PlugZip/aa2929d1ba1d5887b87edea4e76ea4ff.zip
INFO: [ app_init ] --START--
INFO: Run Behavior\BuildLiteBehavior [ RunTime:0.000000s ]
INFO: [ app_init ] --END-- [ RunTime:0.000000s ]
ERR: 无法加载模块:PlugZip

[ 2015-08-06T13:19:29+08:00 ] 127.0.0.1 /BoxService/PlugZip/aa2929d1ba1d5887b87edea4e76ea4ff.zip
INFO: [ app_init ] --START--
INFO: Run Behavior\BuildLiteBehavior [ RunTime:0.000000s ]
INFO: [ app_init ] --END-- [ RunTime:0.000000s ]
ERR: 无法加载模块:PlugZip

[ 2015-08-06T13:19:33+08:00 ] 127.0.0.1 /BoxService/Public/Styles/bg_showpage_box.png
INFO: [ app_init ] --START--
INFO: Run Behavior\BuildLiteBehavior [ RunTime:0.000000s ]
INFO: [ app_init ] --END-- [ RunTime:0.000000s ]
ERR: 无法加载模块:Public

[ 2015-08-06T13:19:33+08:00 ] 127.0.0.1 /BoxService/Public/Styles/btn_paint_set.png
INFO: [ app_init ] --START--
INFO: Run Behavior\BuildLiteBehavior [ RunTime:0.000000s ]
INFO: [ app_init ] --END-- [ RunTime:0.001000s ]
ERR: 无法加载模块:Public

[ 2015-08-06T13:19:33+08:00 ] 127.0.0.1 /BoxService/Public/Styles/bg-map_boxtop_btn_normal.png
INFO: [ app_init ] --START--
INFO: Run Behavior\BuildLiteBehavior [ RunTime:0.000000s ]
INFO: [ app_init ] --END-- [ RunTime:0.000000s ]
ERR: 无法加载模块:Public

[ 2015-08-06T13:19:33+08:00 ] 127.0.0.1 /BoxService/Public/Styles/bg-map_boxtop_btn_selected.png
INFO: [ app_init ] --START--
INFO: Run Behavior\BuildLiteBehavior [ RunTime:0.000000s ]
INFO: [ app_init ] --END-- [ RunTime:0.000000s ]
ERR: 无法加载模块:Public

[ 2015-08-06T13:19:45+08:00 ] 127.0.0.1 /BoxService/Public/Styles/bg-map_boxtop_btn_normal.png
INFO: [ app_init ] --START--
INFO: Run Behavior\BuildLiteBehavior [ RunTime:0.000000s ]
INFO: [ app_init ] --END-- [ RunTime:0.000000s ]
ERR: 无法加载模块:Public

[ 2015-08-06T13:19:45+08:00 ] 127.0.0.1 /BoxService/Public/Styles/bg-map_boxtop_btn_selected.png
INFO: [ app_init ] --START--
INFO: Run Behavior\BuildLiteBehavior [ RunTime:0.000000s ]
INFO: [ app_init ] --END-- [ RunTime:0.000000s ]
ERR: 无法加载模块:Public

[ 2015-08-06T13:19:45+08:00 ] 127.0.0.1 /BoxService/Public/Styles/bg_showpage_box.png
INFO: [ app_init ] --START--
INFO: Run Behavior\BuildLiteBehavior [ RunTime:0.000000s ]
INFO: [ app_init ] --END-- [ RunTime:0.001000s ]
ERR: 无法加载模块:Public

[ 2015-08-06T13:19:46+08:00 ] 127.0.0.1 /BoxService/Public/Styles/btn_paint_set.png
INFO: [ app_init ] --START--
INFO: Run Behavior\BuildLiteBehavior [ RunTime:0.000000s ]
INFO: [ app_init ] --END-- [ RunTime:0.000000s ]
ERR: 无法加载模块:Public

[ 2015-08-06T13:19:46+08:00 ] 127.0.0.1 /BoxService/Public/Styles/bg_showpage_box.png
INFO: [ app_init ] --START--
INFO: Run Behavior\BuildLiteBehavior [ RunTime:0.000000s ]
INFO: [ app_init ] --END-- [ RunTime:0.000000s ]
ERR: 无法加载模块:Public

[ 2015-08-06T13:19:46+08:00 ] 127.0.0.1 /BoxService/Public/Styles/bg-map_boxtop_btn_normal.png
INFO: [ app_init ] --START--
INFO: Run Behavior\BuildLiteBehavior [ RunTime:0.000000s ]
INFO: [ app_init ] --END-- [ RunTime:0.000000s ]
ERR: 无法加载模块:Public

[ 2015-08-06T13:19:46+08:00 ] 127.0.0.1 /BoxService/Public/Styles/bg-map_boxtop_btn_selected.png
INFO: [ app_init ] --START--
INFO: Run Behavior\BuildLiteBehavior [ RunTime:0.000000s ]
INFO: [ app_init ] --END-- [ RunTime:0.000000s ]
ERR: 无法加载模块:Public

[ 2015-08-06T13:23:21+08:00 ] 127.0.0.1 /BoxService/Public/Styles/bg-map_boxtop_btn_selected.png
INFO: [ app_init ] --START--
INFO: Run Behavior\BuildLiteBehavior [ RunTime:0.000000s ]
INFO: [ app_init ] --END-- [ RunTime:0.001000s ]
ERR: 无法加载模块:Public

[ 2015-08-06T13:23:21+08:00 ] 127.0.0.1 /BoxService/Public/Styles/bg_showpage_box.png
INFO: [ app_init ] --START--
INFO: Run Behavior\BuildLiteBehavior [ RunTime:0.000000s ]
INFO: [ app_init ] --END-- [ RunTime:0.000000s ]
ERR: 无法加载模块:Public

[ 2015-08-06T13:23:21+08:00 ] 127.0.0.1 /BoxService/Public/Styles/bg-map_boxtop_btn_normal.png
INFO: [ app_init ] --START--
INFO: Run Behavior\BuildLiteBehavior [ RunTime:0.000000s ]
INFO: [ app_init ] --END-- [ RunTime:0.000000s ]
ERR: 无法加载模块:Public

[ 2015-08-06T13:23:21+08:00 ] 127.0.0.1 /BoxService/Public/Styles/btn_paint_set.png
INFO: [ app_init ] --START--
INFO: Run Behavior\BuildLiteBehavior [ RunTime:0.000000s ]
INFO: [ app_init ] --END-- [ RunTime:0.000000s ]
ERR: 无法加载模块:Public

[ 2015-08-06T13:24:10+08:00 ] 127.0.0.1 /BoxService/Public/Styles/bg-map_boxtop_btn_selected.png
INFO: [ app_init ] --START--
INFO: Run Behavior\BuildLiteBehavior [ RunTime:0.000000s ]
INFO: [ app_init ] --END-- [ RunTime:0.000000s ]
ERR: 无法加载模块:Public

[ 2015-08-06T13:24:10+08:00 ] 127.0.0.1 /BoxService/Public/Styles/bg_showpage_box.png
INFO: [ app_init ] --START--
INFO: Run Behavior\BuildLiteBehavior [ RunTime:0.000000s ]
INFO: [ app_init ] --END-- [ RunTime:0.000000s ]
ERR: 无法加载模块:Public

[ 2015-08-06T13:24:10+08:00 ] 127.0.0.1 /BoxService/Public/Styles/bg-map_boxtop_btn_normal.png
INFO: [ app_init ] --START--
INFO: Run Behavior\BuildLiteBehavior [ RunTime:0.000000s ]
INFO: [ app_init ] --END-- [ RunTime:0.001000s ]
ERR: 无法加载模块:Public

[ 2015-08-06T13:24:10+08:00 ] 127.0.0.1 /BoxService/Public/Styles/btn_paint_set.png
INFO: [ app_init ] --START--
INFO: Run Behavior\BuildLiteBehavior [ RunTime:0.000000s ]
INFO: [ app_init ] --END-- [ RunTime:0.001000s ]
ERR: 无法加载模块:Public

[ 2015-08-06T13:26:44+08:00 ] 127.0.0.1 /BoxService/Public/Styles/bg_showpage_box.png
INFO: [ app_init ] --START--
INFO: Run Behavior\BuildLiteBehavior [ RunTime:0.000000s ]
INFO: [ app_init ] --END-- [ RunTime:0.000000s ]
ERR: 无法加载模块:Public

[ 2015-08-06T13:26:44+08:00 ] 127.0.0.1 /BoxService/Public/Styles/bg-map_boxtop_btn_selected.png
INFO: [ app_init ] --START--
INFO: Run Behavior\BuildLiteBehavior [ RunTime:0.000000s ]
INFO: [ app_init ] --END-- [ RunTime:0.001000s ]
ERR: 无法加载模块:Public

[ 2015-08-06T13:26:45+08:00 ] 127.0.0.1 /BoxService/Public/Styles/bg-map_boxtop_btn_normal.png
INFO: [ app_init ] --START--
INFO: Run Behavior\BuildLiteBehavior [ RunTime:0.000000s ]
INFO: [ app_init ] --END-- [ RunTime:0.001001s ]
ERR: 无法加载模块:Public

[ 2015-08-06T13:26:45+08:00 ] 127.0.0.1 /BoxService/Public/Styles/btn_paint_set.png
INFO: [ app_init ] --START--
INFO: Run Behavior\BuildLiteBehavior [ RunTime:0.000000s ]
INFO: [ app_init ] --END-- [ RunTime:0.002000s ]
ERR: 无法加载模块:Public

[ 2015-08-06T13:33:43+08:00 ] 127.0.0.1 /BoxService/Public/Styles/bg_showpage_box.png
INFO: [ app_init ] --START--
INFO: Run Behavior\BuildLiteBehavior [ RunTime:0.000000s ]
INFO: [ app_init ] --END-- [ RunTime:0.000000s ]
ERR: 无法加载模块:Public

[ 2015-08-06T13:33:43+08:00 ] 127.0.0.1 /BoxService/Public/Styles/bg-map_boxtop_btn_selected.png
INFO: [ app_init ] --START--
INFO: Run Behavior\BuildLiteBehavior [ RunTime:0.000000s ]
INFO: [ app_init ] --END-- [ RunTime:0.000000s ]
ERR: 无法加载模块:Public

[ 2015-08-06T13:33:43+08:00 ] 127.0.0.1 /BoxService/Public/Styles/bg-map_boxtop_btn_normal.png
INFO: [ app_init ] --START--
INFO: Run Behavior\BuildLiteBehavior [ RunTime:0.000000s ]
INFO: [ app_init ] --END-- [ RunTime:0.000000s ]
ERR: 无法加载模块:Public

[ 2015-08-06T13:33:43+08:00 ] 127.0.0.1 /BoxService/Public/Styles/btn_paint_set.png
INFO: [ app_init ] --START--
INFO: Run Behavior\BuildLiteBehavior [ RunTime:0.000000s ]
INFO: [ app_init ] --END-- [ RunTime:0.001000s ]
ERR: 无法加载模块:Public

[ 2015-08-06T13:35:02+08:00 ] 127.0.0.1 /BoxService/Public/Styles/bg-map_boxtop_btn_selected.png
INFO: [ app_init ] --START--
INFO: Run Behavior\BuildLiteBehavior [ RunTime:0.000000s ]
INFO: [ app_init ] --END-- [ RunTime:0.000000s ]
ERR: 无法加载模块:Public

[ 2015-08-06T13:35:02+08:00 ] 127.0.0.1 /BoxService/Public/Styles/bg_showpage_box.png
INFO: [ app_init ] --START--
INFO: Run Behavior\BuildLiteBehavior [ RunTime:0.000000s ]
INFO: [ app_init ] --END-- [ RunTime:0.001000s ]
ERR: 无法加载模块:Public

[ 2015-08-06T13:35:02+08:00 ] 127.0.0.1 /BoxService/Public/Styles/bg-map_boxtop_btn_normal.png
INFO: [ app_init ] --START--
INFO: Run Behavior\BuildLiteBehavior [ RunTime:0.000000s ]
INFO: [ app_init ] --END-- [ RunTime:0.001000s ]
ERR: 无法加载模块:Public

[ 2015-08-06T13:35:02+08:00 ] 127.0.0.1 /BoxService/Public/Styles/btn_paint_set.png
INFO: [ app_init ] --START--
INFO: Run Behavior\BuildLiteBehavior [ RunTime:0.000000s ]
INFO: [ app_init ] --END-- [ RunTime:0.001000s ]
ERR: 无法加载模块:Public

[ 2015-08-06T13:36:40+08:00 ] 127.0.0.1 /BoxService/Public/Styles/bg-map_boxtop_btn_selected.png
INFO: [ app_init ] --START--
INFO: Run Behavior\BuildLiteBehavior [ RunTime:0.000000s ]
INFO: [ app_init ] --END-- [ RunTime:0.000000s ]
ERR: 无法加载模块:Public

[ 2015-08-06T13:36:40+08:00 ] 127.0.0.1 /BoxService/Public/Styles/bg_showpage_box.png
INFO: [ app_init ] --START--
INFO: Run Behavior\BuildLiteBehavior [ RunTime:0.000000s ]
INFO: [ app_init ] --END-- [ RunTime:0.001000s ]
ERR: 无法加载模块:Public

[ 2015-08-06T13:36:40+08:00 ] 127.0.0.1 /BoxService/Public/Styles/bg-map_boxtop_btn_normal.png
INFO: [ app_init ] --START--
INFO: Run Behavior\BuildLiteBehavior [ RunTime:0.000000s ]
INFO: [ app_init ] --END-- [ RunTime:0.000000s ]
ERR: 无法加载模块:Public

[ 2015-08-06T13:36:40+08:00 ] 127.0.0.1 /BoxService/Public/Styles/btn_paint_set.png
INFO: [ app_init ] --START--
INFO: Run Behavior\BuildLiteBehavior [ RunTime:0.000000s ]
INFO: [ app_init ] --END-- [ RunTime:0.000000s ]
ERR: 无法加载模块:Public

[ 2015-08-06T13:37:31+08:00 ] 127.0.0.1 /BoxService/Public/Styles/bg-map_boxtop_btn_selected.png
INFO: [ app_init ] --START--
INFO: Run Behavior\BuildLiteBehavior [ RunTime:0.000000s ]
INFO: [ app_init ] --END-- [ RunTime:0.001000s ]
ERR: 无法加载模块:Public

[ 2015-08-06T13:37:31+08:00 ] 127.0.0.1 /BoxService/Public/Styles/bg_showpage_box.png
INFO: [ app_init ] --START--
INFO: Run Behavior\BuildLiteBehavior [ RunTime:0.000000s ]
INFO: [ app_init ] --END-- [ RunTime:0.000000s ]
ERR: 无法加载模块:Public

[ 2015-08-06T13:37:31+08:00 ] 127.0.0.1 /BoxService/Public/Styles/bg-map_boxtop_btn_normal.png
INFO: [ app_init ] --START--
INFO: Run Behavior\BuildLiteBehavior [ RunTime:0.000000s ]
INFO: [ app_init ] --END-- [ RunTime:0.001000s ]
ERR: 无法加载模块:Public

[ 2015-08-06T13:37:31+08:00 ] 127.0.0.1 /BoxService/Public/Styles/btn_paint_set.png
INFO: [ app_init ] --START--
INFO: Run Behavior\BuildLiteBehavior [ RunTime:0.000000s ]
INFO: [ app_init ] --END-- [ RunTime:0.000000s ]
ERR: 无法加载模块:Public

[ 2015-08-06T13:39:37+08:00 ] 127.0.0.1 /BoxService/Public/Styles/bg_showpage_box.png
INFO: [ app_init ] --START--
INFO: Run Behavior\BuildLiteBehavior [ RunTime:0.000000s ]
INFO: [ app_init ] --END-- [ RunTime:0.002000s ]
ERR: 无法加载模块:Public

[ 2015-08-06T13:39:37+08:00 ] 127.0.0.1 /BoxService/Public/Styles/bg-map_boxtop_btn_selected.png
INFO: [ app_init ] --START--
INFO: Run Behavior\BuildLiteBehavior [ RunTime:0.000000s ]
INFO: [ app_init ] --END-- [ RunTime:0.000000s ]
ERR: 无法加载模块:Public

[ 2015-08-06T13:39:37+08:00 ] 127.0.0.1 /BoxService/Public/Styles/bg-map_boxtop_btn_normal.png
INFO: [ app_init ] --START--
INFO: Run Behavior\BuildLiteBehavior [ RunTime:0.000000s ]
INFO: [ app_init ] --END-- [ RunTime:0.000000s ]
ERR: 无法加载模块:Public

[ 2015-08-06T13:39:37+08:00 ] 127.0.0.1 /BoxService/Public/Styles/btn_paint_set.png
INFO: [ app_init ] --START--
INFO: Run Behavior\BuildLiteBehavior [ RunTime:0.000000s ]
INFO: [ app_init ] --END-- [ RunTime:0.000000s ]
ERR: 无法加载模块:Public

[ 2015-08-06T13:45:45+08:00 ] 127.0.0.1 /BoxService/Public/Styles/bg_showpage_box.png
INFO: [ app_init ] --START--
INFO: Run Behavior\BuildLiteBehavior [ RunTime:0.000000s ]
INFO: [ app_init ] --END-- [ RunTime:0.000000s ]
ERR: 无法加载模块:Public

[ 2015-08-06T13:45:45+08:00 ] 127.0.0.1 /BoxService/Public/Styles/bg-map_boxtop_btn_selected.png
INFO: [ app_init ] --START--
INFO: Run Behavior\BuildLiteBehavior [ RunTime:0.000000s ]
INFO: [ app_init ] --END-- [ RunTime:0.001000s ]
ERR: 无法加载模块:Public

[ 2015-08-06T13:45:45+08:00 ] 127.0.0.1 /BoxService/Public/Styles/bg-map_boxtop_btn_normal.png
INFO: [ app_init ] --START--
INFO: Run Behavior\BuildLiteBehavior [ RunTime:0.000000s ]
INFO: [ app_init ] --END-- [ RunTime:0.001000s ]
ERR: 无法加载模块:Public

[ 2015-08-06T13:45:45+08:00 ] 127.0.0.1 /BoxService/Public/Styles/btn_paint_set.png
INFO: [ app_init ] --START--
INFO: Run Behavior\BuildLiteBehavior [ RunTime:0.000000s ]
INFO: [ app_init ] --END-- [ RunTime:0.001000s ]
ERR: 无法加载模块:Public

[ 2015-08-06T13:52:02+08:00 ] 127.0.0.1 /BoxService/Public/Styles/bg-map_boxtop_btn_selected.png
INFO: [ app_init ] --START--
INFO: Run Behavior\BuildLiteBehavior [ RunTime:0.000000s ]
INFO: [ app_init ] --END-- [ RunTime:0.001000s ]
ERR: 无法加载模块:Public

[ 2015-08-06T13:52:02+08:00 ] 127.0.0.1 /BoxService/Public/Styles/bg_showpage_box.png
INFO: [ app_init ] --START--
INFO: Run Behavior\BuildLiteBehavior [ RunTime:0.000000s ]
INFO: [ app_init ] --END-- [ RunTime:0.003000s ]
ERR: 无法加载模块:Public

[ 2015-08-06T13:52:02+08:00 ] 127.0.0.1 /BoxService/Public/Styles/bg-map_boxtop_btn_normal.png
INFO: [ app_init ] --START--
INFO: Run Behavior\BuildLiteBehavior [ RunTime:0.000000s ]
INFO: [ app_init ] --END-- [ RunTime:0.001001s ]
ERR: 无法加载模块:Public

[ 2015-08-06T13:52:02+08:00 ] 127.0.0.1 /BoxService/Public/Styles/btn_paint_set.png
INFO: [ app_init ] --START--
INFO: Run Behavior\BuildLiteBehavior [ RunTime:0.000000s ]
INFO: [ app_init ] --END-- [ RunTime:0.001000s ]
ERR: 无法加载模块:Public

[ 2015-08-06T13:52:10+08:00 ] 127.0.0.1 /BoxService/Public/Styles/bg_showpage_box.png
INFO: [ app_init ] --START--
INFO: Run Behavior\BuildLiteBehavior [ RunTime:0.000000s ]
INFO: [ app_init ] --END-- [ RunTime:0.001000s ]
ERR: 无法加载模块:Public

[ 2015-08-06T13:52:10+08:00 ] 127.0.0.1 /BoxService/Public/Styles/bg-map_boxtop_btn_selected.png
INFO: [ app_init ] --START--
INFO: Run Behavior\BuildLiteBehavior [ RunTime:0.000000s ]
INFO: [ app_init ] --END-- [ RunTime:0.001000s ]
ERR: 无法加载模块:Public

[ 2015-08-06T13:52:10+08:00 ] 127.0.0.1 /BoxService/Public/Styles/bg-map_boxtop_btn_normal.png
INFO: [ app_init ] --START--
INFO: Run Behavior\BuildLiteBehavior [ RunTime:0.000000s ]
INFO: [ app_init ] --END-- [ RunTime:0.001000s ]
ERR: 无法加载模块:Public

[ 2015-08-06T13:52:10+08:00 ] 127.0.0.1 /BoxService/Public/Styles/btn_paint_set.png
INFO: [ app_init ] --START--
INFO: Run Behavior\BuildLiteBehavior [ RunTime:0.000000s ]
INFO: [ app_init ] --END-- [ RunTime:0.001000s ]
ERR: 无法加载模块:Public

[ 2015-08-06T13:52:13+08:00 ] 127.0.0.1 /BoxService/Public/Styles/bg_showpage_box.png
INFO: [ app_init ] --START--
INFO: Run Behavior\BuildLiteBehavior [ RunTime:0.000000s ]
INFO: [ app_init ] --END-- [ RunTime:0.001000s ]
ERR: 无法加载模块:Public

[ 2015-08-06T13:52:13+08:00 ] 127.0.0.1 /BoxService/Public/Styles/bg-map_boxtop_btn_normal.png
INFO: [ app_init ] --START--
INFO: Run Behavior\BuildLiteBehavior [ RunTime:0.000000s ]
INFO: [ app_init ] --END-- [ RunTime:0.000000s ]
ERR: 无法加载模块:Public

[ 2015-08-06T13:52:13+08:00 ] 127.0.0.1 /BoxService/Public/Styles/bg-map_boxtop_btn_selected.png
INFO: [ app_init ] --START--
INFO: Run Behavior\BuildLiteBehavior [ RunTime:0.000000s ]
INFO: [ app_init ] --END-- [ RunTime:0.000000s ]
ERR: 无法加载模块:Public

[ 2015-08-06T13:52:14+08:00 ] 127.0.0.1 /BoxService/Public/Styles/bg_showpage_box.png
INFO: [ app_init ] --START--
INFO: Run Behavior\BuildLiteBehavior [ RunTime:0.000000s ]
INFO: [ app_init ] --END-- [ RunTime:0.000000s ]
ERR: 无法加载模块:Public

[ 2015-08-06T13:52:14+08:00 ] 127.0.0.1 /BoxService/Public/Styles/bg-map_boxtop_btn_normal.png
INFO: [ app_init ] --START--
INFO: Run Behavior\BuildLiteBehavior [ RunTime:0.000000s ]
INFO: [ app_init ] --END-- [ RunTime:0.000000s ]
ERR: 无法加载模块:Public

[ 2015-08-06T13:52:14+08:00 ] 127.0.0.1 /BoxService/Public/Styles/bg-map_boxtop_btn_selected.png
INFO: [ app_init ] --START--
INFO: Run Behavior\BuildLiteBehavior [ RunTime:0.000000s ]
INFO: [ app_init ] --END-- [ RunTime:0.001001s ]
ERR: 无法加载模块:Public

[ 2015-08-06T13:52:14+08:00 ] 127.0.0.1 /BoxService/Public/Styles/btn_paint_set.png
INFO: [ app_init ] --START--
INFO: Run Behavior\BuildLiteBehavior [ RunTime:0.000000s ]
INFO: [ app_init ] --END-- [ RunTime:0.002000s ]
ERR: 无法加载模块:Public

[ 2015-08-06T13:52:14+08:00 ] 127.0.0.1 /BoxService/Public/Styles/bg_showpage_box.png
INFO: [ app_init ] --START--
INFO: Run Behavior\BuildLiteBehavior [ RunTime:0.000000s ]
INFO: [ app_init ] --END-- [ RunTime:0.000000s ]
ERR: 无法加载模块:Public

[ 2015-08-06T13:52:14+08:00 ] 127.0.0.1 /BoxService/Public/Styles/bg-map_boxtop_btn_selected.png
INFO: [ app_init ] --START--
INFO: Run Behavior\BuildLiteBehavior [ RunTime:0.000000s ]
INFO: [ app_init ] --END-- [ RunTime:0.001000s ]
ERR: 无法加载模块:Public

[ 2015-08-06T13:52:14+08:00 ] 127.0.0.1 /BoxService/Public/Styles/bg-map_boxtop_btn_normal.png
INFO: [ app_init ] --START--
INFO: Run Behavior\BuildLiteBehavior [ RunTime:0.000000s ]
INFO: [ app_init ] --END-- [ RunTime:0.001000s ]
ERR: 无法加载模块:Public

[ 2015-08-06T13:52:14+08:00 ] 127.0.0.1 /BoxService/Public/Styles/bg-map_boxtop_btn_normal.png
INFO: [ app_init ] --START--
INFO: Run Behavior\BuildLiteBehavior [ RunTime:0.000000s ]
INFO: [ app_init ] --END-- [ RunTime:0.001000s ]
ERR: 无法加载模块:Public

[ 2015-08-06T13:52:14+08:00 ] 127.0.0.1 /BoxService/Public/Styles/bg_showpage_box.png
INFO: [ app_init ] --START--
INFO: Run Behavior\BuildLiteBehavior [ RunTime:0.000000s ]
INFO: [ app_init ] --END-- [ RunTime:0.001000s ]
ERR: 无法加载模块:Public

[ 2015-08-06T13:52:14+08:00 ] 127.0.0.1 /BoxService/Public/Styles/bg-map_boxtop_btn_selected.png
INFO: [ app_init ] --START--
INFO: Run Behavior\BuildLiteBehavior [ RunTime:0.000000s ]
INFO: [ app_init ] --END-- [ RunTime:0.001000s ]
ERR: 无法加载模块:Public

[ 2015-08-06T13:52:14+08:00 ] 127.0.0.1 /BoxService/Public/Styles/btn_paint_set.png
INFO: [ app_init ] --START--
INFO: Run Behavior\BuildLiteBehavior [ RunTime:0.000000s ]
INFO: [ app_init ] --END-- [ RunTime:0.001001s ]
ERR: 无法加载模块:Public

[ 2015-08-06T13:52:15+08:00 ] 127.0.0.1 /BoxService/Public/Styles/bg_showpage_box.png
INFO: [ app_init ] --START--
INFO: Run Behavior\BuildLiteBehavior [ RunTime:0.000000s ]
INFO: [ app_init ] --END-- [ RunTime:0.001000s ]
ERR: 无法加载模块:Public

[ 2015-08-06T13:52:15+08:00 ] 127.0.0.1 /BoxService/Public/Styles/btn_paint_set.png
INFO: [ app_init ] --START--
INFO: Run Behavior\BuildLiteBehavior [ RunTime:0.000000s ]
INFO: [ app_init ] --END-- [ RunTime:0.000000s ]
ERR: 无法加载模块:Public

[ 2015-08-06T13:52:15+08:00 ] 127.0.0.1 /BoxService/Public/Styles/bg-map_boxtop_btn_normal.png
INFO: [ app_init ] --START--
INFO: Run Behavior\BuildLiteBehavior [ RunTime:0.000000s ]
INFO: [ app_init ] --END-- [ RunTime:0.000000s ]
ERR: 无法加载模块:Public

[ 2015-08-06T13:52:15+08:00 ] 127.0.0.1 /BoxService/Public/Styles/bg-map_boxtop_btn_selected.png
INFO: [ app_init ] --START--
INFO: Run Behavior\BuildLiteBehavior [ RunTime:0.000000s ]
INFO: [ app_init ] --END-- [ RunTime:0.001000s ]
ERR: 无法加载模块:Public

[ 2015-08-06T13:52:15+08:00 ] 127.0.0.1 /BoxService/Public/Styles/bg-map_boxtop_btn_selected.png
INFO: [ app_init ] --START--
INFO: Run Behavior\BuildLiteBehavior [ RunTime:0.000000s ]
INFO: [ app_init ] --END-- [ RunTime:0.000000s ]
ERR: 无法加载模块:Public

[ 2015-08-06T13:52:15+08:00 ] 127.0.0.1 /BoxService/Public/Styles/bg_showpage_box.png
INFO: [ app_init ] --START--
INFO: Run Behavior\BuildLiteBehavior [ RunTime:0.000000s ]
INFO: [ app_init ] --END-- [ RunTime:0.000000s ]
ERR: 无法加载模块:Public

[ 2015-08-06T13:52:15+08:00 ] 127.0.0.1 /BoxService/Public/Styles/bg-map_boxtop_btn_normal.png
INFO: [ app_init ] --START--
INFO: Run Behavior\BuildLiteBehavior [ RunTime:0.000000s ]
INFO: [ app_init ] --END-- [ RunTime:0.001000s ]
ERR: 无法加载模块:Public

[ 2015-08-06T13:52:16+08:00 ] 127.0.0.1 /BoxService/Public/Styles/bg_showpage_box.png
INFO: [ app_init ] --START--
INFO: Run Behavior\BuildLiteBehavior [ RunTime:0.000000s ]
INFO: [ app_init ] --END-- [ RunTime:0.001000s ]
ERR: 无法加载模块:Public

[ 2015-08-06T13:52:16+08:00 ] 127.0.0.1 /BoxService/Public/Styles/btn_paint_set.png
INFO: [ app_init ] --START--
INFO: Run Behavior\BuildLiteBehavior [ RunTime:0.000000s ]
INFO: [ app_init ] --END-- [ RunTime:0.001000s ]
ERR: 无法加载模块:Public

[ 2015-08-06T13:52:16+08:00 ] 127.0.0.1 /BoxService/Public/Styles/bg-map_boxtop_btn_normal.png
INFO: [ app_init ] --START--
INFO: Run Behavior\BuildLiteBehavior [ RunTime:0.000000s ]
INFO: [ app_init ] --END-- [ RunTime:0.001000s ]
ERR: 无法加载模块:Public

[ 2015-08-06T13:52:16+08:00 ] 127.0.0.1 /BoxService/Public/Styles/bg-map_boxtop_btn_selected.png
INFO: [ app_init ] --START--
INFO: Run Behavior\BuildLiteBehavior [ RunTime:0.000000s ]
INFO: [ app_init ] --END-- [ RunTime:0.001000s ]
ERR: 无法加载模块:Public

[ 2015-08-06T13:52:26+08:00 ] 127.0.0.1 /BoxService/Public/Styles/bg-map_boxtop_btn_normal.png
INFO: [ app_init ] --START--
INFO: Run Behavior\BuildLiteBehavior [ RunTime:0.000000s ]
INFO: [ app_init ] --END-- [ RunTime:0.001000s ]
ERR: 无法加载模块:Public

[ 2015-08-06T13:52:26+08:00 ] 127.0.0.1 /BoxService/Public/Styles/bg-map_boxtop_btn_selected.png
INFO: [ app_init ] --START--
INFO: Run Behavior\BuildLiteBehavior [ RunTime:0.000000s ]
INFO: [ app_init ] --END-- [ RunTime:0.000000s ]
ERR: 无法加载模块:Public

[ 2015-08-06T13:52:26+08:00 ] 127.0.0.1 /BoxService/Public/Styles/btn_paint_set.png
INFO: [ app_init ] --START--
INFO: Run Behavior\BuildLiteBehavior [ RunTime:0.000000s ]
INFO: [ app_init ] --END-- [ RunTime:0.001000s ]
ERR: 无法加载模块:Public

[ 2015-08-06T13:52:26+08:00 ] 127.0.0.1 /BoxService/Public/Styles/bg_showpage_box.png
INFO: [ app_init ] --START--
INFO: Run Behavior\BuildLiteBehavior [ RunTime:0.000000s ]
INFO: [ app_init ] --END-- [ RunTime:0.001000s ]
ERR: 无法加载模块:Public

[ 2015-08-06T13:52:26+08:00 ] 127.0.0.1 /BoxService/Public/Styles/bg-map_boxtop_btn_normal.png
INFO: [ app_init ] --START--
INFO: Run Behavior\BuildLiteBehavior [ RunTime:0.000000s ]
INFO: [ app_init ] --END-- [ RunTime:0.000000s ]
ERR: 无法加载模块:Public

[ 2015-08-06T13:52:26+08:00 ] 127.0.0.1 /BoxService/Public/Styles/bg-map_boxtop_btn_selected.png
INFO: [ app_init ] --START--
INFO: Run Behavior\BuildLiteBehavior [ RunTime:0.000000s ]
INFO: [ app_init ] --END-- [ RunTime:0.001000s ]
ERR: 无法加载模块:Public

[ 2015-08-06T13:52:29+08:00 ] 127.0.0.1 /BoxService/Public/Styles/bg-map_boxtop_btn_normal.png
INFO: [ app_init ] --START--
INFO: Run Behavior\BuildLiteBehavior [ RunTime:0.000000s ]
INFO: [ app_init ] --END-- [ RunTime:0.001001s ]
ERR: 无法加载模块:Public

[ 2015-08-06T13:52:29+08:00 ] 127.0.0.1 /BoxService/Public/Styles/bg_showpage_box.png
INFO: [ app_init ] --START--
INFO: Run Behavior\BuildLiteBehavior [ RunTime:0.000000s ]
INFO: [ app_init ] --END-- [ RunTime:0.001000s ]
ERR: 无法加载模块:Public

[ 2015-08-06T13:52:29+08:00 ] 127.0.0.1 /BoxService/Public/Styles/bg-map_boxtop_btn_selected.png
INFO: [ app_init ] --START--
INFO: Run Behavior\BuildLiteBehavior [ RunTime:0.000000s ]
INFO: [ app_init ] --END-- [ RunTime:0.000000s ]
ERR: 无法加载模块:Public

[ 2015-08-06T13:52:29+08:00 ] 127.0.0.1 /BoxService/Public/Styles/btn_paint_set.png
INFO: [ app_init ] --START--
INFO: Run Behavior\BuildLiteBehavior [ RunTime:0.000000s ]
INFO: [ app_init ] --END-- [ RunTime:0.001000s ]
ERR: 无法加载模块:Public

[ 2015-08-06T13:52:30+08:00 ] 127.0.0.1 /BoxService/Public/Styles/btn_paint_set.png
INFO: [ app_init ] --START--
INFO: Run Behavior\BuildLiteBehavior [ RunTime:0.000000s ]
INFO: [ app_init ] --END-- [ RunTime:0.000000s ]
ERR: 无法加载模块:Public

[ 2015-08-06T13:52:30+08:00 ] 127.0.0.1 /BoxService/Public/Styles/bg_showpage_box.png
INFO: [ app_init ] --START--
INFO: Run Behavior\BuildLiteBehavior [ RunTime:0.001000s ]
INFO: [ app_init ] --END-- [ RunTime:0.001000s ]
ERR: 无法加载模块:Public

[ 2015-08-06T13:52:30+08:00 ] 127.0.0.1 /BoxService/Public/Styles/bg-map_boxtop_btn_normal.png
INFO: [ app_init ] --START--
INFO: Run Behavior\BuildLiteBehavior [ RunTime:0.000000s ]
INFO: [ app_init ] --END-- [ RunTime:0.001000s ]
ERR: 无法加载模块:Public

[ 2015-08-06T13:52:30+08:00 ] 127.0.0.1 /BoxService/Public/Styles/bg-map_boxtop_btn_selected.png
INFO: [ app_init ] --START--
INFO: Run Behavior\BuildLiteBehavior [ RunTime:0.000000s ]
INFO: [ app_init ] --END-- [ RunTime:0.001000s ]
ERR: 无法加载模块:Public

[ 2015-08-06T13:56:19+08:00 ] 127.0.0.1 /BoxService/Public/Styles/bg_showpage_box.png
INFO: [ app_init ] --START--
INFO: Run Behavior\BuildLiteBehavior [ RunTime:0.000000s ]
INFO: [ app_init ] --END-- [ RunTime:0.001000s ]
ERR: 无法加载模块:Public

[ 2015-08-06T13:56:19+08:00 ] 127.0.0.1 /BoxService/Public/Styles/bg-map_boxtop_btn_selected.png
INFO: [ app_init ] --START--
INFO: Run Behavior\BuildLiteBehavior [ RunTime:0.000000s ]
INFO: [ app_init ] --END-- [ RunTime:0.000000s ]
ERR: 无法加载模块:Public

[ 2015-08-06T13:56:19+08:00 ] 127.0.0.1 /BoxService/Public/Styles/bg-map_boxtop_btn_normal.png
INFO: [ app_init ] --START--
INFO: Run Behavior\BuildLiteBehavior [ RunTime:0.000000s ]
INFO: [ app_init ] --END-- [ RunTime:0.001000s ]
ERR: 无法加载模块:Public

[ 2015-08-06T13:56:19+08:00 ] 127.0.0.1 /BoxService/Public/Styles/btn_paint_set.png
INFO: [ app_init ] --START--
INFO: Run Behavior\BuildLiteBehavior [ RunTime:0.000000s ]
INFO: [ app_init ] --END-- [ RunTime:0.000000s ]
ERR: 无法加载模块:Public

[ 2015-08-06T13:58:35+08:00 ] 127.0.0.1 /BoxService/Public/Styles/bg-map_boxtop_btn_selected.png
INFO: [ app_init ] --START--
INFO: Run Behavior\BuildLiteBehavior [ RunTime:0.000000s ]
INFO: [ app_init ] --END-- [ RunTime:0.001001s ]
ERR: 无法加载模块:Public

[ 2015-08-06T13:58:35+08:00 ] 127.0.0.1 /BoxService/Public/Styles/bg_showpage_box.png
INFO: [ app_init ] --START--
INFO: Run Behavior\BuildLiteBehavior [ RunTime:0.000000s ]
INFO: [ app_init ] --END-- [ RunTime:0.005000s ]
ERR: 无法加载模块:Public

[ 2015-08-06T13:58:35+08:00 ] 127.0.0.1 /BoxService/Public/Styles/bg-map_boxtop_btn_normal.png
INFO: [ app_init ] --START--
INFO: Run Behavior\BuildLiteBehavior [ RunTime:0.000000s ]
INFO: [ app_init ] --END-- [ RunTime:0.001000s ]
ERR: 无法加载模块:Public

[ 2015-08-06T13:58:35+08:00 ] 127.0.0.1 /BoxService/Public/Styles/btn_paint_set.png
INFO: [ app_init ] --START--
INFO: Run Behavior\BuildLiteBehavior [ RunTime:0.000000s ]
INFO: [ app_init ] --END-- [ RunTime:0.000000s ]
ERR: 无法加载模块:Public

[ 2015-08-06T13:59:16+08:00 ] 127.0.0.1 /BoxService/Public/Styles/bg-map_boxtop_btn_normal.png
INFO: [ app_init ] --START--
INFO: Run Behavior\BuildLiteBehavior [ RunTime:0.000000s ]
INFO: [ app_init ] --END-- [ RunTime:0.000000s ]
ERR: 无法加载模块:Public

[ 2015-08-06T13:59:16+08:00 ] 127.0.0.1 /BoxService/Public/Styles/bg_showpage_box.png
INFO: [ app_init ] --START--
INFO: Run Behavior\BuildLiteBehavior [ RunTime:0.000000s ]
INFO: [ app_init ] --END-- [ RunTime:0.001000s ]
ERR: 无法加载模块:Public

[ 2015-08-06T13:59:16+08:00 ] 127.0.0.1 /BoxService/Public/Styles/bg-map_boxtop_btn_selected.png
INFO: [ app_init ] --START--
INFO: Run Behavior\BuildLiteBehavior [ RunTime:0.000000s ]
INFO: [ app_init ] --END-- [ RunTime:0.001000s ]
ERR: 无法加载模块:Public

[ 2015-08-06T13:59:16+08:00 ] 127.0.0.1 /BoxService/Public/Styles/bg_showpage_box.png
INFO: [ app_init ] --START--
INFO: Run Behavior\BuildLiteBehavior [ RunTime:0.000000s ]
INFO: [ app_init ] --END-- [ RunTime:0.001000s ]
ERR: 无法加载模块:Public

[ 2015-08-06T13:59:16+08:00 ] 127.0.0.1 /BoxService/Public/Styles/bg-map_boxtop_btn_selected.png
INFO: [ app_init ] --START--
INFO: Run Behavior\BuildLiteBehavior [ RunTime:0.000000s ]
INFO: [ app_init ] --END-- [ RunTime:0.001000s ]
ERR: 无法加载模块:Public

[ 2015-08-06T13:59:17+08:00 ] 127.0.0.1 /BoxService/Public/Styles/btn_paint_set.png
INFO: [ app_init ] --START--
INFO: Run Behavior\BuildLiteBehavior [ RunTime:0.000000s ]
INFO: [ app_init ] --END-- [ RunTime:0.001000s ]
ERR: 无法加载模块:Public

[ 2015-08-06T13:59:17+08:00 ] 127.0.0.1 /BoxService/Public/Styles/bg-map_boxtop_btn_normal.png
INFO: [ app_init ] --START--
INFO: Run Behavior\BuildLiteBehavior [ RunTime:0.000000s ]
INFO: [ app_init ] --END-- [ RunTime:0.002001s ]
ERR: 无法加载模块:Public

[ 2015-08-06T13:59:30+08:00 ] 127.0.0.1 /BoxService/Public/Styles/btn_paint_set.png
INFO: [ app_init ] --START--
INFO: Run Behavior\BuildLiteBehavior [ RunTime:0.000000s ]
INFO: [ app_init ] --END-- [ RunTime:0.000000s ]
ERR: 无法加载模块:Public

[ 2015-08-06T13:59:30+08:00 ] 127.0.0.1 /BoxService/Public/Styles/bg_showpage_box.png
INFO: [ app_init ] --START--
INFO: Run Behavior\BuildLiteBehavior [ RunTime:0.000000s ]
INFO: [ app_init ] --END-- [ RunTime:0.000000s ]
ERR: 无法加载模块:Public

[ 2015-08-06T13:59:30+08:00 ] 127.0.0.1 /BoxService/Public/Styles/bg-map_boxtop_btn_selected.png
INFO: [ app_init ] --START--
INFO: Run Behavior\BuildLiteBehavior [ RunTime:0.000000s ]
INFO: [ app_init ] --END-- [ RunTime:0.001000s ]
ERR: 无法加载模块:Public

[ 2015-08-06T13:59:30+08:00 ] 127.0.0.1 /BoxService/Public/Styles/bg-map_boxtop_btn_normal.png
INFO: [ app_init ] --START--
INFO: Run Behavior\BuildLiteBehavior [ RunTime:0.000000s ]
INFO: [ app_init ] --END-- [ RunTime:0.001000s ]
ERR: 无法加载模块:Public

[ 2015-08-06T13:59:31+08:00 ] 127.0.0.1 /BoxService/Public/Styles/bg_showpage_box.png
INFO: [ app_init ] --START--
INFO: Run Behavior\BuildLiteBehavior [ RunTime:0.000000s ]
INFO: [ app_init ] --END-- [ RunTime:0.000000s ]
ERR: 无法加载模块:Public

[ 2015-08-06T13:59:31+08:00 ] 127.0.0.1 /BoxService/Public/Styles/bg-map_boxtop_btn_normal.png
INFO: [ app_init ] --START--
INFO: Run Behavior\BuildLiteBehavior [ RunTime:0.000000s ]
INFO: [ app_init ] --END-- [ RunTime:0.001000s ]
ERR: 无法加载模块:Public

[ 2015-08-06T13:59:31+08:00 ] 127.0.0.1 /BoxService/Public/Styles/bg-map_boxtop_btn_selected.png
INFO: [ app_init ] --START--
INFO: Run Behavior\BuildLiteBehavior [ RunTime:0.000000s ]
INFO: [ app_init ] --END-- [ RunTime:0.001000s ]
ERR: 无法加载模块:Public

[ 2015-08-06T13:59:31+08:00 ] 127.0.0.1 /BoxService/Public/Styles/bg_showpage_box.png
INFO: [ app_init ] --START--
INFO: Run Behavior\BuildLiteBehavior [ RunTime:0.000000s ]
INFO: [ app_init ] --END-- [ RunTime:0.001000s ]
ERR: 无法加载模块:Public

[ 2015-08-06T13:59:31+08:00 ] 127.0.0.1 /BoxService/Public/Styles/btn_paint_set.png
INFO: [ app_init ] --START--
INFO: Run Behavior\BuildLiteBehavior [ RunTime:0.000000s ]
INFO: [ app_init ] --END-- [ RunTime:0.000000s ]
ERR: 无法加载模块:Public

[ 2015-08-06T13:59:31+08:00 ] 127.0.0.1 /BoxService/Public/Styles/bg-map_boxtop_btn_normal.png
INFO: [ app_init ] --START--
INFO: Run Behavior\BuildLiteBehavior [ RunTime:0.000000s ]
INFO: [ app_init ] --END-- [ RunTime:0.000000s ]
ERR: 无法加载模块:Public

[ 2015-08-06T13:59:31+08:00 ] 127.0.0.1 /BoxService/Public/Styles/bg-map_boxtop_btn_selected.png
INFO: [ app_init ] --START--
INFO: Run Behavior\BuildLiteBehavior [ RunTime:0.000000s ]
INFO: [ app_init ] --END-- [ RunTime:0.000000s ]
ERR: 无法加载模块:Public

[ 2015-08-06T13:59:32+08:00 ] 127.0.0.1 /BoxService/Public/Styles/bg-map_boxtop_btn_selected.png
INFO: [ app_init ] --START--
INFO: Run Behavior\BuildLiteBehavior [ RunTime:0.000000s ]
INFO: [ app_init ] --END-- [ RunTime:0.001000s ]
ERR: 无法加载模块:Public

[ 2015-08-06T13:59:32+08:00 ] 127.0.0.1 /BoxService/Public/Styles/bg_showpage_box.png
INFO: [ app_init ] --START--
INFO: Run Behavior\BuildLiteBehavior [ RunTime:0.000000s ]
INFO: [ app_init ] --END-- [ RunTime:0.000000s ]
ERR: 无法加载模块:Public

[ 2015-08-06T13:59:32+08:00 ] 127.0.0.1 /BoxService/Public/Styles/btn_paint_set.png
INFO: [ app_init ] --START--
INFO: Run Behavior\BuildLiteBehavior [ RunTime:0.000000s ]
INFO: [ app_init ] --END-- [ RunTime:0.000000s ]
ERR: 无法加载模块:Public

[ 2015-08-06T13:59:32+08:00 ] 127.0.0.1 /BoxService/Public/Styles/bg-map_boxtop_btn_normal.png
INFO: [ app_init ] --START--
INFO: Run Behavior\BuildLiteBehavior [ RunTime:0.000000s ]
INFO: [ app_init ] --END-- [ RunTime:0.001000s ]
ERR: 无法加载模块:Public

[ 2015-08-06T13:59:32+08:00 ] 127.0.0.1 /BoxService/Public/Styles/btn_paint_set.png
INFO: [ app_init ] --START--
INFO: Run Behavior\BuildLiteBehavior [ RunTime:0.000000s ]
INFO: [ app_init ] --END-- [ RunTime:0.000000s ]
ERR: 无法加载模块:Public

[ 2015-08-06T13:59:32+08:00 ] 127.0.0.1 /BoxService/Public/Styles/bg_showpage_box.png
INFO: [ app_init ] --START--
INFO: Run Behavior\BuildLiteBehavior [ RunTime:0.000000s ]
INFO: [ app_init ] --END-- [ RunTime:0.001000s ]
ERR: 无法加载模块:Public

[ 2015-08-06T13:59:32+08:00 ] 127.0.0.1 /BoxService/Public/Styles/bg-map_boxtop_btn_selected.png
INFO: [ app_init ] --START--
INFO: Run Behavior\BuildLiteBehavior [ RunTime:0.000000s ]
INFO: [ app_init ] --END-- [ RunTime:0.000000s ]
ERR: 无法加载模块:Public

[ 2015-08-06T13:59:32+08:00 ] 127.0.0.1 /BoxService/Public/Styles/bg-map_boxtop_btn_normal.png
INFO: [ app_init ] --START--
INFO: Run Behavior\BuildLiteBehavior [ RunTime:0.000000s ]
INFO: [ app_init ] --END-- [ RunTime:0.001000s ]
ERR: 无法加载模块:Public

[ 2015-08-06T13:59:32+08:00 ] 127.0.0.1 /BoxService/Public/Styles/bg-map_boxtop_btn_normal.png
INFO: [ app_init ] --START--
INFO: Run Behavior\BuildLiteBehavior [ RunTime:0.000000s ]
INFO: [ app_init ] --END-- [ RunTime:0.001000s ]
ERR: 无法加载模块:Public

[ 2015-08-06T13:59:32+08:00 ] 127.0.0.1 /BoxService/Public/Styles/bg_showpage_box.png
INFO: [ app_init ] --START--
INFO: Run Behavior\BuildLiteBehavior [ RunTime:0.000000s ]
INFO: [ app_init ] --END-- [ RunTime:0.000000s ]
ERR: 无法加载模块:Public

[ 2015-08-06T13:59:32+08:00 ] 127.0.0.1 /BoxService/Public/Styles/bg-map_boxtop_btn_selected.png
INFO: [ app_init ] --START--
INFO: Run Behavior\BuildLiteBehavior [ RunTime:0.000000s ]
INFO: [ app_init ] --END-- [ RunTime:0.001000s ]
ERR: 无法加载模块:Public

[ 2015-08-06T13:59:47+08:00 ] 127.0.0.1 /BoxService/Public/Styles/bg_showpage_box.png
INFO: [ app_init ] --START--
INFO: Run Behavior\BuildLiteBehavior [ RunTime:0.000000s ]
INFO: [ app_init ] --END-- [ RunTime:0.000000s ]
ERR: 无法加载模块:Public

[ 2015-08-06T13:59:47+08:00 ] 127.0.0.1 /BoxService/Public/Styles/bg-map_boxtop_btn_normal.png
INFO: [ app_init ] --START--
INFO: Run Behavior\BuildLiteBehavior [ RunTime:0.000000s ]
INFO: [ app_init ] --END-- [ RunTime:0.000000s ]
ERR: 无法加载模块:Public

[ 2015-08-06T13:59:47+08:00 ] 127.0.0.1 /BoxService/Public/Styles/bg-map_boxtop_btn_selected.png
INFO: [ app_init ] --START--
INFO: Run Behavior\BuildLiteBehavior [ RunTime:0.000000s ]
INFO: [ app_init ] --END-- [ RunTime:0.000000s ]
ERR: 无法加载模块:Public

[ 2015-08-06T13:59:47+08:00 ] 127.0.0.1 /BoxService/Public/Styles/bg_showpage_box.png
INFO: [ app_init ] --START--
INFO: Run Behavior\BuildLiteBehavior [ RunTime:0.000000s ]
INFO: [ app_init ] --END-- [ RunTime:0.000000s ]
ERR: 无法加载模块:Public

[ 2015-08-06T13:59:47+08:00 ] 127.0.0.1 /BoxService/Public/Styles/bg-map_boxtop_btn_normal.png
INFO: [ app_init ] --START--
INFO: Run Behavior\BuildLiteBehavior [ RunTime:0.000000s ]
INFO: [ app_init ] --END-- [ RunTime:0.000000s ]
ERR: 无法加载模块:Public

[ 2015-08-06T13:59:47+08:00 ] 127.0.0.1 /BoxService/Public/Styles/bg-map_boxtop_btn_selected.png
INFO: [ app_init ] --START--
INFO: Run Behavior\BuildLiteBehavior [ RunTime:0.000000s ]
INFO: [ app_init ] --END-- [ RunTime:0.001000s ]
ERR: 无法加载模块:Public

[ 2015-08-06T13:59:47+08:00 ] 127.0.0.1 /BoxService/Public/Styles/btn_paint_set.png
INFO: [ app_init ] --START--
INFO: Run Behavior\BuildLiteBehavior [ RunTime:0.000000s ]
INFO: [ app_init ] --END-- [ RunTime:0.000000s ]
ERR: 无法加载模块:Public

[ 2015-08-06T16:38:41+08:00 ] 127.0.0.1 /BoxService/Public/Styles/bg-map_boxtop_btn_selected.png
INFO: [ app_init ] --START--
INFO: Run Behavior\BuildLiteBehavior [ RunTime:0.000000s ]
INFO: [ app_init ] --END-- [ RunTime:0.000000s ]
ERR: 无法加载模块:Public

[ 2015-08-06T16:38:41+08:00 ] 127.0.0.1 /BoxService/Public/Styles/bg_showpage_box.png
INFO: [ app_init ] --START--
INFO: Run Behavior\BuildLiteBehavior [ RunTime:0.000000s ]
INFO: [ app_init ] --END-- [ RunTime:0.000000s ]
ERR: 无法加载模块:Public

[ 2015-08-06T16:38:41+08:00 ] 127.0.0.1 /BoxService/Public/Styles/bg-map_boxtop_btn_normal.png
INFO: [ app_init ] --START--
INFO: Run Behavior\BuildLiteBehavior [ RunTime:0.000000s ]
INFO: [ app_init ] --END-- [ RunTime:0.000000s ]
ERR: 无法加载模块:Public

[ 2015-08-06T16:38:41+08:00 ] 127.0.0.1 /BoxService/Public/Styles/btn_paint_set.png
INFO: [ app_init ] --START--
INFO: Run Behavior\BuildLiteBehavior [ RunTime:0.000000s ]
INFO: [ app_init ] --END-- [ RunTime:0.001000s ]
ERR: 无法加载模块:Public

[ 2015-08-06T17:09:12+08:00 ] 127.0.0.1 /BoxService/Public/Styles/bg-map_boxtop_btn_selected.png
INFO: [ app_init ] --START--
INFO: Run Behavior\BuildLiteBehavior [ RunTime:0.000000s ]
INFO: [ app_init ] --END-- [ RunTime:0.000000s ]
ERR: 无法加载模块:Public

[ 2015-08-06T17:09:12+08:00 ] 127.0.0.1 /BoxService/Public/Styles/bg_showpage_box.png
INFO: [ app_init ] --START--
INFO: Run Behavior\BuildLiteBehavior [ RunTime:0.000000s ]
INFO: [ app_init ] --END-- [ RunTime:0.000000s ]
ERR: 无法加载模块:Public

[ 2015-08-06T17:09:12+08:00 ] 127.0.0.1 /BoxService/Public/Styles/btn_paint_set.png
INFO: [ app_init ] --START--
INFO: Run Behavior\BuildLiteBehavior [ RunTime:0.000000s ]
INFO: [ app_init ] --END-- [ RunTime:0.001000s ]
ERR: 无法加载模块:Public

[ 2015-08-06T17:09:12+08:00 ] 127.0.0.1 /BoxService/Public/Styles/bg-map_boxtop_btn_normal.png
INFO: [ app_init ] --START--
INFO: Run Behavior\BuildLiteBehavior [ RunTime:0.000000s ]
INFO: [ app_init ] --END-- [ RunTime:0.000000s ]
ERR: 无法加载模块:Public

[ 2015-08-06T17:16:42+08:00 ] 127.0.0.1 /BoxService/Public/Styles/bg_showpage_box.png
INFO: [ app_init ] --START--
INFO: Run Behavior\BuildLiteBehavior [ RunTime:0.000000s ]
INFO: [ app_init ] --END-- [ RunTime:0.000000s ]
ERR: 无法加载模块:Public

[ 2015-08-06T17:16:42+08:00 ] 127.0.0.1 /BoxService/Public/Styles/bg-map_boxtop_btn_selected.png
INFO: [ app_init ] --START--
INFO: Run Behavior\BuildLiteBehavior [ RunTime:0.000000s ]
INFO: [ app_init ] --END-- [ RunTime:0.000000s ]
ERR: 无法加载模块:Public

[ 2015-08-06T17:16:42+08:00 ] 127.0.0.1 /BoxService/Public/Styles/bg-map_boxtop_btn_normal.png
INFO: [ app_init ] --START--
INFO: Run Behavior\BuildLiteBehavior [ RunTime:0.000000s ]
INFO: [ app_init ] --END-- [ RunTime:0.001000s ]
ERR: 无法加载模块:Public

[ 2015-08-06T17:16:42+08:00 ] 127.0.0.1 /BoxService/Public/Styles/btn_paint_set.png
INFO: [ app_init ] --START--
INFO: Run Behavior\BuildLiteBehavior [ RunTime:0.000000s ]
INFO: [ app_init ] --END-- [ RunTime:0.000000s ]
ERR: 无法加载模块:Public

[ 2015-08-06T17:20:18+08:00 ] 127.0.0.1 /BoxService/Public/Styles/bg_showpage_box.png
INFO: [ app_init ] --START--
INFO: Run Behavior\BuildLiteBehavior [ RunTime:0.000000s ]
INFO: [ app_init ] --END-- [ RunTime:0.001000s ]
ERR: 无法加载模块:Public

[ 2015-08-06T17:20:18+08:00 ] 127.0.0.1 /BoxService/Public/Styles/bg-map_boxtop_btn_selected.png
INFO: [ app_init ] --START--
INFO: Run Behavior\BuildLiteBehavior [ RunTime:0.000000s ]
INFO: [ app_init ] --END-- [ RunTime:0.000000s ]
ERR: 无法加载模块:Public

[ 2015-08-06T17:20:18+08:00 ] 127.0.0.1 /BoxService/Public/Styles/bg-map_boxtop_btn_normal.png
INFO: [ app_init ] --START--
INFO: Run Behavior\BuildLiteBehavior [ RunTime:0.000000s ]
INFO: [ app_init ] --END-- [ RunTime:0.001000s ]
ERR: 无法加载模块:Public

[ 2015-08-06T17:20:18+08:00 ] 127.0.0.1 /BoxService/Public/Styles/btn_paint_set.png
INFO: [ app_init ] --START--
INFO: Run Behavior\BuildLiteBehavior [ RunTime:0.000000s ]
INFO: [ app_init ] --END-- [ RunTime:0.000000s ]
ERR: 无法加载模块:Public

[ 2015-08-06T17:21:39+08:00 ] 127.0.0.1 /BoxService/Public/Styles/bg_showpage_box.png
INFO: [ app_init ] --START--
INFO: Run Behavior\BuildLiteBehavior [ RunTime:0.000000s ]
INFO: [ app_init ] --END-- [ RunTime:0.001000s ]
ERR: 无法加载模块:Public

[ 2015-08-06T17:21:39+08:00 ] 127.0.0.1 /BoxService/Public/Styles/bg-map_boxtop_btn_selected.png
INFO: [ app_init ] --START--
INFO: Run Behavior\BuildLiteBehavior [ RunTime:0.000000s ]
INFO: [ app_init ] --END-- [ RunTime:0.001000s ]
ERR: 无法加载模块:Public

[ 2015-08-06T17:21:39+08:00 ] 127.0.0.1 /BoxService/Public/Styles/btn_paint_set.png
INFO: [ app_init ] --START--
INFO: Run Behavior\BuildLiteBehavior [ RunTime:0.000000s ]
INFO: [ app_init ] --END-- [ RunTime:0.000000s ]
ERR: 无法加载模块:Public

[ 2015-08-06T17:21:39+08:00 ] 127.0.0.1 /BoxService/Public/Styles/bg-map_boxtop_btn_normal.png
INFO: [ app_init ] --START--
INFO: Run Behavior\BuildLiteBehavior [ RunTime:0.000000s ]
INFO: [ app_init ] --END-- [ RunTime:0.001000s ]
ERR: 无法加载模块:Public

[ 2015-08-06T17:40:13+08:00 ] 127.0.0.1 /BoxService/Public/Styles/bg_showpage_box.png
INFO: [ app_init ] --START--
INFO: Run Behavior\BuildLiteBehavior [ RunTime:0.000000s ]
INFO: [ app_init ] --END-- [ RunTime:0.000000s ]
ERR: 无法加载模块:Public

[ 2015-08-06T17:40:13+08:00 ] 127.0.0.1 /BoxService/Public/Styles/bg-map_boxtop_btn_selected.png
INFO: [ app_init ] --START--
INFO: Run Behavior\BuildLiteBehavior [ RunTime:0.001000s ]
INFO: [ app_init ] --END-- [ RunTime:0.001000s ]
ERR: 无法加载模块:Public

[ 2015-08-06T17:40:13+08:00 ] 127.0.0.1 /BoxService/Public/Styles/bg-map_boxtop_btn_normal.png
INFO: [ app_init ] --START--
INFO: Run Behavior\BuildLiteBehavior [ RunTime:0.000000s ]
INFO: [ app_init ] --END-- [ RunTime:0.001000s ]
ERR: 无法加载模块:Public

[ 2015-08-06T17:40:13+08:00 ] 127.0.0.1 /BoxService/Public/Styles/btn_paint_set.png
INFO: [ app_init ] --START--
INFO: Run Behavior\BuildLiteBehavior [ RunTime:0.000000s ]
INFO: [ app_init ] --END-- [ RunTime:0.001000s ]
ERR: 无法加载模块:Public

