[ 2015-09-26T14:24:09+08:00 ] 127.0.0.1 /BoxService/index.php/gii/gii/index
INFO: [ app_init ] --START--
INFO: Run Behavior\BuildLiteBehavior [ RunTime:0.000000s ]
INFO: [ app_init ] --END-- [ RunTime:0.000000s ]
INFO: [ app_begin ] --START--
INFO: Run Behavior\ReadHtmlCacheBehavior [ RunTime:0.000000s ]
INFO: [ app_begin ] --END-- [ RunTime:0.000000s ]
INFO: [ view_parse ] --START--
INFO: [ template_filter ] --START--
INFO: Run Behavior\ContentReplaceBehavior [ RunTime:0.000000s ]
INFO: [ template_filter ] --END-- [ RunTime:0.001000s ]
INFO: Run Behavior\ParseTemplateBehavior [ RunTime:1.393080s ]
INFO: [ view_parse ] --END-- [ RunTime:1.393080s ]
INFO: [ view_filter ] --START--
INFO: Run Behavior\WriteHtmlCacheBehavior [ RunTime:0.000000s ]
INFO: [ view_filter ] --END-- [ RunTime:0.000000s ]
INFO: [ app_end ] --START--
INFO: Run Behavior\ShowPageTraceBehavior [ RunTime:0.000000s ]
INFO: [ app_end ] --END-- [ RunTime:0.000000s ]

[ 2015-09-26T14:24:33+08:00 ] 127.0.0.1 /BoxService/index.php/gii/gii/index
INFO: [ app_init ] --START--
INFO: Run Behavior\BuildLiteBehavior [ RunTime:0.000000s ]
INFO: [ app_init ] --END-- [ RunTime:0.001000s ]
INFO: [ app_begin ] --START--
INFO: Run Behavior\ReadHtmlCacheBehavior [ RunTime:0.001000s ]
INFO: [ app_begin ] --END-- [ RunTime:0.001000s ]
SQL: show full fields from bs_zhubo [ RunTime:0.0050s ]
NOTIC: [8] Undefined index: Null E:\www\BoxService\Application\Gii\Template\edit.html 第 47 行.
NOTIC: [8] Undefined index: Null E:\www\BoxService\Application\Gii\Template\edit.html 第 47 行.
NOTIC: [8] Undefined index: Null E:\www\BoxService\Application\Gii\Template\edit.html 第 47 行.
NOTIC: [8] Undefined index: Null E:\www\BoxService\Application\Gii\Template\edit.html 第 47 行.
NOTIC: [8] Undefined index: Null E:\www\BoxService\Application\Gii\Template\edit.html 第 47 行.
NOTIC: [8] Undefined index: Null E:\www\BoxService\Application\Gii\Template\edit.html 第 47 行.
NOTIC: [8] Undefined index: Null E:\www\BoxService\Application\Gii\Template\edit.html 第 47 行.
NOTIC: [8] Undefined index: Null E:\www\BoxService\Application\Gii\Template\edit.html 第 47 行.
NOTIC: [8] Undefined index: Null E:\www\BoxService\Application\Gii\Template\edit.html 第 47 行.
NOTIC: [8] Undefined variable: saveName E:\www\BoxService\Application\Gii\Controller\GiiController.class.php 第 68 行.
INFO: [ view_parse ] --START--
INFO: [ template_filter ] --START--
INFO: Run Behavior\ContentReplaceBehavior [ RunTime:0.000000s ]
INFO: [ template_filter ] --END-- [ RunTime:0.000000s ]
INFO: Run Behavior\ParseTemplateBehavior [ RunTime:0.005001s ]
INFO: [ view_parse ] --END-- [ RunTime:0.005001s ]
INFO: [ view_filter ] --START--
INFO: Run Behavior\WriteHtmlCacheBehavior [ RunTime:0.000000s ]
INFO: [ view_filter ] --END-- [ RunTime:0.000000s ]

[ 2015-09-26T14:24:34+08:00 ] 127.0.0.1 /BoxService/index.php/gii/gii/index
INFO: [ app_init ] --START--
INFO: Run Behavior\BuildLiteBehavior [ RunTime:0.000000s ]
INFO: [ app_init ] --END-- [ RunTime:0.000000s ]
INFO: [ app_begin ] --START--
INFO: Run Behavior\ReadHtmlCacheBehavior [ RunTime:0.000000s ]
INFO: [ app_begin ] --END-- [ RunTime:0.001000s ]
INFO: [ view_parse ] --START--
INFO: [ template_filter ] --START--
INFO: Run Behavior\ContentReplaceBehavior [ RunTime:0.000000s ]
INFO: [ template_filter ] --END-- [ RunTime:0.000000s ]
INFO: Run Behavior\ParseTemplateBehavior [ RunTime:0.006000s ]
INFO: [ view_parse ] --END-- [ RunTime:0.006000s ]
INFO: [ view_filter ] --START--
INFO: Run Behavior\WriteHtmlCacheBehavior [ RunTime:0.000000s ]
INFO: [ view_filter ] --END-- [ RunTime:0.000000s ]
INFO: [ app_end ] --START--
INFO: Run Behavior\ShowPageTraceBehavior [ RunTime:0.001000s ]
INFO: [ app_end ] --END-- [ RunTime:0.001000s ]

